#
# A fatal error has been detected by the Java Runtime Environment:
#
#  EXCEPTION_ACCESS_VIOLATION (0xc0000005) at pc=0x00007ffa10f0b3c6, pid=30276, tid=41504
#
# JRE version: Java(TM) SE Runtime Environment (23.0.1+11) (build 23.0.1+11-39)
# Java VM: Java HotSpot(TM) 64-Bit Server VM (23.0.1+11-39, mixed mode, sharing, tiered, compressed oops, compressed class ptrs, g1 gc, windows-amd64)
# Problematic frame:
# C  [awt.dll+0xdb3c6]
#
# No core dump will be written. Minidumps are not enabled by default on client versions of Windows
#
# If you would like to submit a bug report, please visit:
#   https://bugreport.java.com/bugreport/crash.jsp
# The crash happened outside the Java Virtual Machine in native code.
# See problematic frame for where to report the bug.
#

---------------  S U M M A R Y ------------

Command Line: -Dfile.encoding=UTF-8 -agentpath:C:\Program Files\Palo Alto Networks\Traps\cyjagent.dll Screen_laborales.PMenu

Host: AMD Ryzen 5 3500U with Radeon Vega Mobile Gfx  , 8 cores, 13G,  Windows 11 , 64 bit Build 26100 (10.0.26100.3037)
Time: Tue Nov  4 13:45:22 2025 Hora estándar central (México) elapsed time: 14067.038767 seconds (0d 3h 54m 27s)

---------------  T H R E A D  ---------------

Current thread (0x000001f2c140e5b0):  JavaThread "AWT-EventQueue-0"        [_thread_in_native, id=41504, stack(0x0000000e91b00000,0x0000000e91c00000) (1024K)]

Stack: [0x0000000e91b00000,0x0000000e91c00000],  sp=0x0000000e91bfec60,  free space=1019k
Native frames: (J=compiled Java code, j=interpreted, Vv=VM code, C=native code)
C  [awt.dll+0xdb3c6]  (no source info available)
C  [awt.dll+0xdcc02]  (no source info available)
C  0x000001f2d6b4d207  (no source info available)

The last pc belongs to native method entry point (kind = native) (printed below).
Java frames: (J=compiled Java code, j=interpreted, Vv=VM code)
j  sun.awt.Win32GraphicsDevice.initNativeScale(I)V+0 java.desktop@23.0.1
j  sun.awt.Win32GraphicsDevice.initScaleFactors()V+60 java.desktop@23.0.1
j  sun.awt.Win32GraphicsDevice.displayChanged()V+16 java.desktop@23.0.1
j  sun.java2d.d3d.D3DGraphicsDevice.displayChanged()V+1 java.desktop@23.0.1
j  sun.awt.Win32GraphicsEnvironment.displayChanged()V+271 java.desktop@23.0.1
j  sun.awt.windows.WToolkit.lambda$displayChanged$4()V+15 java.desktop@23.0.1
j  sun.awt.windows.WToolkit$$Lambda+0x000001f281351510.run()V+0 java.desktop@23.0.1
J 9278 c2 java.awt.event.InvocationEvent.dispatch()V java.desktop@23.0.1 (69 bytes) @ 0x000001f2d7585434 [0x000001f2d75853e0+0x0000000000000054]
J 6352 c2 java.awt.EventQueue.dispatchEvent(Ljava/awt/AWTEvent;)V java.desktop@23.0.1 (80 bytes) @ 0x000001f2d7396754 [0x000001f2d7395ec0+0x0000000000000894]
J 8737 c2 java.awt.EventDispatchThread.pumpOneEventForFilters(I)V java.desktop@23.0.1 (106 bytes) @ 0x000001f2d7543f4c [0x000001f2d7543a20+0x000000000000052c]
J 10367% c2 java.awt.EventDispatchThread.pumpEventsForFilter(ILjava/awt/Conditional;Ljava/awt/EventFilter;)V java.desktop@23.0.1 (47 bytes) @ 0x000001f2d71de01c [0x000001f2d71ddf60+0x00000000000000bc]
j  java.awt.EventDispatchThread.pumpEventsForHierarchy(ILjava/awt/Conditional;Ljava/awt/Component;)V+11 java.desktop@23.0.1
j  java.awt.EventDispatchThread.pumpEvents(ILjava/awt/Conditional;)V+4 java.desktop@23.0.1
j  java.awt.EventDispatchThread.pumpEvents(Ljava/awt/Conditional;)V+3 java.desktop@23.0.1
j  java.awt.EventDispatchThread.run()V+9 java.desktop@23.0.1
v  ~StubRoutines::call_stub 0x000001f2d6b40fcd

siginfo: EXCEPTION_ACCESS_VIOLATION (0xc0000005), reading address 0x00000000007465b7


Registers:
RAX=0x0000000000746567, RBX=0x000001f2ef4f7540, RCX=0x0000000000746567, RDX=0x0000000000000000
RSP=0x0000000e91bfec60, RBP=0x0000000e91bfed40, RSI=0x0000000000000000, RDI=0x0000000000000000
R8 =0x0000000000000001, R9 =0x0000000e90379000, R10=0x000001f2d6b4d1d8, R11=0x0000000000000100
R12=0x0000000000000000, R13=0x000001f2e64b7180, R14=0x0000000e91bfed68, R15=0x000001f2c140e5b0
RIP=0x00007ffa10f0b3c6, EFLAGS=0x0000000000010206


Register to memory mapping:

RAX=0x0000000000746567 is an unknown value
RBX=0x000001f2ef4f7540 points into unknown readable memory: 0x000001f2c2a09650 | 50 96 a0 c2 f2 01 00 00
RCX=0x0000000000746567 is an unknown value
RDX=0x0 is null
RSP=0x0000000e91bfec60 is pointing into the stack for thread: 0x000001f2c140e5b0
RBP=0x0000000e91bfed40 is pointing into the stack for thread: 0x000001f2c140e5b0
RSI=0x0 is null
RDI=0x0 is null
R8 =0x0000000000000001 is an unknown value
R9 =0x0000000e90379000 points into unknown readable memory: 0x0000000000000000 | 00 00 00 00 00 00 00 00
R10=0x000001f2d6b4d1d8 is at code_begin+1016 in an Interpreter codelet
native method entry point (kind = native)  [0x000001f2d6b4cde0, 0x000001f2d6b4d938]  2904 bytes
R11=0x0000000000000100 is an unknown value
R12=0x0 is null
R13={method} {0x000001f2e64b7188} 'initNativeScale' '(I)V' in 'sun/awt/Win32GraphicsDevice'
R14=0x0000000e91bfed68 is pointing into the stack for thread: 0x000001f2c140e5b0
R15=0x000001f2c140e5b0 is a thread

Top of Stack: (sp=0x0000000e91bfec60)
0x0000000e91bfec60:   000001f2ef4f7540 0000000000000000
0x0000000e91bfec70:   000001f2e5a23b50 000001f2ef4f7540
0x0000000e91bfec80:   000001f2ef4f7540 00007ffa10f0cc02
0x0000000e91bfec90:   00007ffa10f69838 000001f2e64b7180
0x0000000e91bfeca0:   0000000e91bfed50 000001f2e58e8950
0x0000000e91bfecb0:   000001f2d6b4889a 000001f2d6b4d207
0x0000000e91bfecc0:   000001f2e64b7180 0000000000000001
0x0000000e91bfecd0:   000001f2c140e5b0 000001f2d6b4889a
0x0000000e91bfece0:   0000000000000000 00007ff9943b3c49
0x0000000e91bfecf0:   0000000e91bfee30 fffffffffffffff7
0x0000000e91bfed00:   0000000000000000 0000000000000005
0x0000000e91bfed10:   000001f2e64ba878 0000000000000000
0x0000000e91bfed20:   00000007220b1a30 000001f2e64b7180
0x0000000e91bfed30:   0000000000000000 0000000e91bfed60
0x0000000e91bfed40:   0000000e91bfedb8 000001f2d6b48700
0x0000000e91bfed50:   0000000000000000 000001f2d6b4a5d7
0x0000000e91bfed60:   0000000000000000 0000000722227a08
0x0000000e91bfed70:   fffffffffffffff7 000001f2e64b77d4
0x0000000e91bfed80:   0000000000000002 000001f2e64ba878
0x0000000e91bfed90:   0000000000000000 00000007220b1a30
0x0000000e91bfeda0:   000001f2e64b7820 fffffffffffffff5
0x0000000e91bfedb0:   0000000e91bfedc8 0000000e91bfee18
0x0000000e91bfedc0:   000001f2d6b48700 0000000722227a08
0x0000000e91bfedd0:   fffffffffffffff7 000001f2e64b9098
0x0000000e91bfede0:   0000000000000003 000001f2e64ba878
0x0000000e91bfedf0:   0000000000000000 00000007220b1a30
0x0000000e91bfee00:   000001f2e64b90e0 fffffffffffffff6
0x0000000e91bfee10:   0000000e91bfee30 0000000e91bfee80
0x0000000e91bfee20:   000001f2d6b48700 0000000000000000
0x0000000e91bfee30:   0000000722227a08 fffffffffffffff7
0x0000000e91bfee40:   000001f2e64b5799 0000000000000002
0x0000000e91bfee50:   000001f2e64bb0e0 0000000000000000 

Instructions: (pc=0x00007ffa10f0b3c6)
0x00007ffa10f0b2c6:   11 45 d4 0f 11 45 e4 0f 11 45 f4 89 45 04 c7 45
0x00007ffa10f0b2d6:   a0 68 00 00 00 0f 11 44 24 34 0f 11 44 24 44 0f
0x00007ffa10f0b2e6:   11 44 24 54 0f 11 44 24 64 0f 11 44 24 74 0f 11
0x00007ffa10f0b2f6:   45 84 89 45 94 c7 44 24 30 68 00 00 00 48 8d 55
0x00007ffa10f0b306:   a0 49 8b ce ff 15 08 76 06 00 85 c0 74 41 48 8d
0x00007ffa10f0b316:   54 24 30 48 8b ce ff 15 f6 75 06 00 85 c0 74 2f
0x00007ffa10f0b326:   48 8d 54 24 34 48 8d 4d a4 ff 15 0b 75 06 00 85
0x00007ffa10f0b336:   c0 74 1c 48 8d 54 24 44 48 8d 4d b4 ff 15 f8 74
0x00007ffa10f0b346:   06 00 85 c0 74 09 8b 44 24 54 39 45 c4 74 11 ff
0x00007ffa10f0b356:   c7 3b 7b 0c 0f 8c 40 ff ff ff 8b 3d 1a b0 06 00
0x00007ffa10f0b366:   48 8b cb e8 f2 ca f4 ff 90 8b c7 48 8b 4d 10 48
0x00007ffa10f0b376:   33 cc e8 93 01 01 00 4c 8d 9c 24 20 01 00 00 49
0x00007ffa10f0b386:   8b 5b 28 49 8b 73 30 49 8b e3 41 5e 5f 5d c3 cc
0x00007ffa10f0b396:   cc cc cc cc cc cc cc cc cc cc 48 8b 41 08 48 8b
0x00007ffa10f0b3a6:   80 18 0c 00 00 c3 cc cc cc cc 48 8b 41 08 48 05
0x00007ffa10f0b3b6:   00 04 00 00 c3 cc cc cc cc cc 40 53 48 83 ec 20
0x00007ffa10f0b3c6:   83 79 50 00 48 8b d9 75 56 48 8b 49 28 4c 8d 44
0x00007ffa10f0b3d6:   24 38 48 8d 54 24 30 c7 44 24 30 00 00 80 bf c7
0x00007ffa10f0b3e6:   44 24 38 00 00 80 bf e8 1e e1 00 00 f3 0f 10 54
0x00007ffa10f0b3f6:   24 30 0f 57 c0 0f 2f d0 76 25 f3 0f 10 4c 24 38
0x00007ffa10f0b406:   0f 2f c8 76 1a f3 0f 5e 15 f9 a8 02 00 f3 0f 5e
0x00007ffa10f0b416:   0d f1 a8 02 00 f3 0f 11 53 48 f3 0f 11 4b 4c 48
0x00007ffa10f0b426:   83 c4 20 5b c3 cc cc cc cc cc 48 89 5c 24 10 48
0x00007ffa10f0b436:   89 74 24 18 57 41 56 41 57 48 83 ec 40 48 8b d9
0x00007ffa10f0b446:   48 83 79 18 00 75 14 b9 28 04 00 00 e8 19 97 00
0x00007ffa10f0b456:   00 48 89 43 18 c7 00 28 00 00 00 48 8b 43 18 33
0x00007ffa10f0b466:   ff 66 89 78 0e 48 8b 4b 28 e8 5c 03 00 00 48 8b
0x00007ffa10f0b476:   f0 41 bf 01 00 00 00 45 8b c7 41 8b d7 48 8b c8
0x00007ffa10f0b486:   ff 15 34 71 06 00 4c 8b f0 89 7c 24 30 48 8b 4b
0x00007ffa10f0b496:   18 48 89 4c 24 28 48 89 7c 24 20 45 8b cf 45 33
0x00007ffa10f0b4a6:   c0 48 8b d0 48 8b ce ff 15 2d 70 06 00 48 8b 53
0x00007ffa10f0b4b6:   30 48 8b 0b 8b 05 c4 ae 06 00 83 79 04 08 0f 8e 


Stack slot to memory mapping:

stack at sp + 0 slots: 0x000001f2ef4f7540 points into unknown readable memory: 0x000001f2c2a09650 | 50 96 a0 c2 f2 01 00 00
stack at sp + 1 slots: 0x0 is null
stack at sp + 2 slots: 0x000001f2e5a23b50 points into unknown readable memory: 0x00007ff9946fd480 | 80 d4 6f 94 f9 7f 00 00
stack at sp + 3 slots: 0x000001f2ef4f7540 points into unknown readable memory: 0x000001f2c2a09650 | 50 96 a0 c2 f2 01 00 00
stack at sp + 4 slots: 0x000001f2ef4f7540 points into unknown readable memory: 0x000001f2c2a09650 | 50 96 a0 c2 f2 01 00 00
stack at sp + 5 slots: 0x00007ffa10f0cc02 awt.dll
stack at sp + 6 slots: 0x00007ffa10f69838 awt.dll
stack at sp + 7 slots: {method} {0x000001f2e64b7188} 'initNativeScale' '(I)V' in 'sun/awt/Win32GraphicsDevice'

Lock stack of current Java thread (top to bottom):

native method entry point (kind = native)  [0x000001f2d6b4cde0, 0x000001f2d6b4d938]  2904 bytes
[MachCode]
  0x000001f2d6b4cde0: 488b 4b08 | 0fb7 492e | 584c 8d74 | ccf8 6800 | 0000 0068 | 0000 0000 | 5055 488b | ec41 5568 
  0x000001f2d6b4ce00: 0000 0000 | 4c8b 6b08 | 4d8d 6d38 | 5348 8b53 | 0848 8b52 | 0848 8b52 | 1848 8b52 | 7048 8b12 
  0x000001f2d6b4ce20: 5248 8b53 | 1048 85d2 | 0f84 0700 | 0000 4881 | c210 0100 | 0052 488b | 5308 488b | 5208 488b 
  0x000001f2d6b4ce40: 5210 5249 | 8bc6 482b | c548 c1e8 | 0350 6800 | 0000 0068 | f7ff ffff | 41c6 8771 | 0400 0001 
  0x000001f2d6b4ce60: 488b 4310 | 4885 c074 | 208b 88cc | 0000 0083 | c102 8988 | cc00 0000 | 2388 e000 | 0000 0f84 
  0x000001f2d6b4ce80: 000a 0000 | e9cf 0000 | 0048 8b43 | 1848 85c0 | 0f85 b000 | 0000 e805 | 0000 00e9 | 9900 0000 
  0x000001f2d6b4cea0: 488b d348 | 8d44 2408 | 4c89 6dc0 | 498b cfc5 | f877 4989 | afb0 0300 | 0049 8987 | a003 0000 
  0x000001f2d6b4cec0: 4883 ec20 | 40f6 c40f | 0f84 1900 | 0000 4883 | ec08 48b8 | 9026 0f94 | f97f 0000 | ffd0 4883 
  0x000001f2d6b4cee0: c408 e90c | 0000 0048 | b890 260f | 94f9 7f00 | 00ff d048 | 83c4 2049 | c787 a003 | 0000 0000 
  0x000001f2d6b4cf00: 0000 49c7 | 87b0 0300 | 0000 0000 | 0049 c787 | a803 0000 | 0000 0000 | c5f8 7749 | 837f 0800 
  0x000001f2d6b4cf20: 0f84 0500 | 0000 e995 | 3fff ff4c | 8b6d c04c | 8b75 c84e | 8d74 f500 | c348 8b43 | 1848 85c0 
  0x000001f2d6b4cf40: 0f84 1200 | 0000 8b48 | 0883 c102 | 8948 0823 | 481c 0f84 | 2c09 0000 | 493b a7e8 | 0400 000f 
  0x000001f2d6b4cf60: 8748 0000 | 0089 8424 | 00f0 ffff | 8984 2400 | e0ff ff89 | 8424 00d0 | ffff 8984 | 2400 c0ff 
  0x000001f2d6b4cf80: ff89 8424 | 00b0 ffff | 8984 2400 | a0ff ff89 | 8424 0090 | ffff 8984 | 2400 80ff | ff49 3ba7 
  0x000001f2d6b4cfa0: e004 0000 | 7607 4989 | a7e8 0400 | 0041 c687 | 7104 0000 | 0049 ba41 | ad96 94f9 | 7f00 0041 
  0x000001f2d6b4cfc0: 803a 000f | 843e 0000 | 0048 8b55 | e849 8bcf | 4883 ec20 | 40f6 c40f | 0f84 1900 | 0000 4883 
  0x000001f2d6b4cfe0: ec08 48b8 | 10ee 4694 | f97f 0000 | ffd0 4883 | c408 e90c | 0000 0048 | b810 ee46 | 94f9 7f00 
  0x000001f2d6b4d000: 00ff d048 | 83c4 2048 | 8b5d e84c | 8b5b 0845 | 0fb7 5b2e | 41c1 e303 | 492b e348 | 83ec 2048 
  0x000001f2d6b4d020: 83e4 f04c | 8b5b 604d | 85db 0f85 | ab00 0000 | e805 0000 | 00e9 9900 | 0000 488b | d348 8d44 
  0x000001f2d6b4d040: 2408 4c89 | 6dc0 498b | cfc5 f877 | 4989 afb0 | 0300 0049 | 8987 a003 | 0000 4883 | ec20 40f6 
  0x000001f2d6b4d060: c40f 0f84 | 1900 0000 | 4883 ec08 | 48b8 f04d | 0f94 f97f | 0000 ffd0 | 4883 c408 | e90c 0000 
  0x000001f2d6b4d080: 0048 b8f0 | 4d0f 94f9 | 7f00 00ff | d048 83c4 | 2049 c787 | a003 0000 | 0000 0000 | 49c7 87b0 
  0x000001f2d6b4d0a0: 0300 0000 | 0000 0049 | c787 a803 | 0000 0000 | 0000 c5f8 | 7749 837f | 0800 0f84 | 0500 0000 
  0x000001f2d6b4d0c0: e9fb 3dff | ff4c 8b6d | c04c 8b75 | c84e 8d74 | f500 c348 | 8b5d e84c | 8b5b 6041 | ffd3 488b 
  0x000001f2d6b4d0e0: 5de8 4889 